<?xml version="1.0" encoding="UTF-8"?>
<testsuite name="objects.CalculadoraTest" tests="6" skipped="0" failures="0" errors="0" timestamp="2022-05-26T18:04:45" hostname="LAPTOP-G65UU6JL" time="0.053">
  <properties/>
  <testcase name="div()" classname="objects.CalculadoraTest" time="0.044"/>
  <testcase name="pot()" classname="objects.CalculadoraTest" time="0.002"/>
  <testcase name="rad()" classname="objects.CalculadoraTest" time="0.001"/>
  <testcase name="sub()" classname="objects.CalculadoraTest" time="0.001"/>
  <testcase name="soma()" classname="objects.CalculadoraTest" time="0.0"/>
  <testcase name="multi()" classname="objects.CalculadoraTest" time="0.001"/>
  <system-out><![CDATA[]]></system-out>
  <system-err><![CDATA[]]></system-err>
</testsuite>
